2023-12-04 09:10:52,768 [Worker-10] WARN  o.e.m.c.i.embedder.EclipseLogger - The POM for org.glassfish.jaxb:jaxb-runtime:jar:2.2.11 is invalid, transitive dependencies (if any) will not be available, enable debug logging for more details
2023-12-04 09:10:52,774 [Worker-10] WARN  o.e.m.c.i.embedder.EclipseLogger - The POM for org.glassfish.jaxb:jaxb-core:jar:2.2.11 is invalid, transitive dependencies (if any) will not be available, enable debug logging for more details
2023-12-04 09:10:52,779 [Worker-10] WARN  o.e.m.c.i.embedder.EclipseLogger - The POM for org.glassfish.jaxb:txw2:jar:2.2.11 is invalid, transitive dependencies (if any) will not be available, enable debug logging for more details
2023-12-04 09:10:52,793 [Worker-10] WARN  o.e.m.c.i.embedder.EclipseLogger - The POM for org.glassfish.jaxb:jaxb-xjc:jar:2.2.11 is invalid, transitive dependencies (if any) will not be available, enable debug logging for more details
2023-12-04 09:10:52,799 [Worker-10] WARN  o.e.m.c.i.embedder.EclipseLogger - The POM for org.glassfish.jaxb:codemodel:jar:2.2.11 is invalid, transitive dependencies (if any) will not be available, enable debug logging for more details
2023-12-04 09:10:52,803 [Worker-10] WARN  o.e.m.c.i.embedder.EclipseLogger - The POM for com.sun.xml.bind.external:rngom:jar:2.2.11 is invalid, transitive dependencies (if any) will not be available, enable debug logging for more details
2023-12-04 09:10:52,806 [Worker-10] WARN  o.e.m.c.i.embedder.EclipseLogger - The POM for com.sun.istack:istack-commons-tools:jar:2.21 is invalid, transitive dependencies (if any) will not be available, enable debug logging for more details
2023-12-04 09:10:52,923 [Worker-10] INFO  o.e.m.c.i.embedder.EclipseLogger - Up-to-date check for source resources [[file:/D:/Project/외교부/spring-boot-soap/spring-boot-soap/src/main/resources/wsdl/helloworld.wsdl, file:/D:/Project/외교부/spring-boot-soap/spring-boot-soap/pom.xml]] and target resources [[file:/D:/Project/외교부/spring-boot-soap/spring-boot-soap/target/generated-sources/xjc/META-INF/sun-jaxb.episode, file:/D:/Project/외교부/spring-boot-soap/spring-boot-soap/target/generated-sources/xjc/com/javainuse/InputSOATest.java, file:/D:/Project/외교부/spring-boot-soap/spring-boot-soap/target/generated-sources/xjc/com/javainuse/ObjectFactory.java, file:/D:/Project/외교부/spring-boot-soap/spring-boot-soap/target/generated-sources/xjc/com/javainuse/OutputSOATest.java, file:/D:/Project/외교부/spring-boot-soap/spring-boot-soap/target/generated-sources/xjc/com/javainuse/package-info.java, file:/D:/Project/외교부/spring-boot-soap/spring-boot-soap/target/generated-sources/xjc/com/soap/soaplistener/InputSOATest.java, file:/D:/Project/외교부/spring-boot-soap/spring-boot-soap/target/generated-sources/xjc/com/soap/soaplistener/ObjectFactory.java, file:/D:/Project/외교부/spring-boot-soap/spring-boot-soap/target/generated-sources/xjc/com/soap/soaplistener/OutputSOATest.java, file:/D:/Project/외교부/spring-boot-soap/spring-boot-soap/target/generated-sources/xjc/com/soap/soaplistener/package-info.java, file:/D:/Project/외교부/spring-boot-soap/spring-boot-soap/target/generated-sources/xjc/localhost/_8080/InputSOATest.java, file:/D:/Project/외교부/spring-boot-soap/spring-boot-soap/target/generated-sources/xjc/localhost/_8080/ObjectFactory.java, file:/D:/Project/외교부/spring-boot-soap/spring-boot-soap/target/generated-sources/xjc/localhost/_8080/OutputSOATest.java, file:/D:/Project/외교부/spring-boot-soap/spring-boot-soap/target/generated-sources/xjc/localhost/_8080/package-info.java]].
2023-12-04 09:10:52,927 [Worker-10] INFO  o.e.m.c.i.embedder.EclipseLogger - Latest timestamp of the source resources is [2023-11-30 14:39:17.066], earliest timestamp of the target resources is [2023-11-30 14:08:55.213].
2023-12-04 09:10:52,927 [Worker-10] INFO  o.e.m.c.i.embedder.EclipseLogger - Sources are not up-to-date, XJC will be executed.
2023-12-04 09:10:53,313 [Worker-10] INFO  o.e.m.c.i.embedder.EclipseLogger - Episode file [D:\Project\외교부\spring-boot-soap\spring-boot-soap\target\generated-sources\xjc\META-INF\sun-jaxb.episode] was augmented with if-exists="true" attributes.
2023-12-04 09:10:53,513 [Worker-10] INFO  o.e.m.c.i.embedder.EclipseLogger - Using 'UTF-8' encoding to copy filtered resources.
2023-12-04 09:10:53,513 [Worker-10] INFO  o.e.m.c.i.embedder.EclipseLogger - Copying 0 resource
2023-12-04 09:10:53,514 [Worker-10] INFO  o.e.m.c.i.embedder.EclipseLogger - Copying 1 resource
2023-12-04 09:10:53,517 [Worker-10] INFO  o.e.m.c.i.embedder.EclipseLogger - Copying 1 resource
2023-12-04 09:10:53,522 [Worker-10] INFO  o.e.m.c.i.embedder.EclipseLogger - Using 'UTF-8' encoding to copy filtered resources.
2023-12-04 09:10:53,523 [Worker-10] INFO  o.e.m.c.i.embedder.EclipseLogger - skip non existing resourceDirectory D:\Project\외교부\spring-boot-soap\spring-boot-soap\src\test\resources
2023-12-04 09:10:54,453 [Worker-11] INFO  o.e.m.c.i.embedder.EclipseLogger - Up-to-date check for source resources [[file:/D:/Project/외교부/spring-boot-soap/spring-boot-soap/src/main/resources/wsdl/helloworld.wsdl, file:/D:/Project/외교부/spring-boot-soap/spring-boot-soap/pom.xml]] and target resources [[file:/D:/Project/외교부/spring-boot-soap/spring-boot-soap/target/generated-sources/xjc/com/javainuse/InputSOATest.java, file:/D:/Project/외교부/spring-boot-soap/spring-boot-soap/target/generated-sources/xjc/com/javainuse/ObjectFactory.java, file:/D:/Project/외교부/spring-boot-soap/spring-boot-soap/target/generated-sources/xjc/com/javainuse/OutputSOATest.java, file:/D:/Project/외교부/spring-boot-soap/spring-boot-soap/target/generated-sources/xjc/com/javainuse/package-info.java, file:/D:/Project/외교부/spring-boot-soap/spring-boot-soap/target/generated-sources/xjc/com/soap/soaplistener/InputSOATest.java, file:/D:/Project/외교부/spring-boot-soap/spring-boot-soap/target/generated-sources/xjc/com/soap/soaplistener/ObjectFactory.java, file:/D:/Project/외교부/spring-boot-soap/spring-boot-soap/target/generated-sources/xjc/com/soap/soaplistener/OutputSOATest.java, file:/D:/Project/외교부/spring-boot-soap/spring-boot-soap/target/generated-sources/xjc/com/soap/soaplistener/package-info.java, file:/D:/Project/외교부/spring-boot-soap/spring-boot-soap/target/generated-sources/xjc/localhost/_8080/InputSOATest.java, file:/D:/Project/외교부/spring-boot-soap/spring-boot-soap/target/generated-sources/xjc/localhost/_8080/ObjectFactory.java, file:/D:/Project/외교부/spring-boot-soap/spring-boot-soap/target/generated-sources/xjc/localhost/_8080/OutputSOATest.java, file:/D:/Project/외교부/spring-boot-soap/spring-boot-soap/target/generated-sources/xjc/localhost/_8080/package-info.java, file:/D:/Project/외교부/spring-boot-soap/spring-boot-soap/target/generated-sources/xjc/META-INF/sun-jaxb.episode]].
2023-12-04 09:10:54,455 [Worker-11] INFO  o.e.m.c.i.embedder.EclipseLogger - According to the build context, all of the [dependURIs] are up-to-date.
2023-12-04 09:10:54,455 [Worker-11] INFO  o.e.m.c.i.embedder.EclipseLogger - Sources are up-to-date, XJC will be skipped.
2023-12-04 09:10:54,459 [Worker-11] INFO  o.e.m.c.i.embedder.EclipseLogger - Using 'UTF-8' encoding to copy filtered resources.
2023-12-04 09:10:54,461 [Worker-11] INFO  o.e.m.c.i.embedder.EclipseLogger - Copying 0 resource
2023-12-04 09:10:54,462 [Worker-11] INFO  o.e.m.c.i.embedder.EclipseLogger - Copying 1 resource
2023-12-04 09:10:54,463 [Worker-11] INFO  o.e.m.c.i.embedder.EclipseLogger - Copying 1 resource
2023-12-04 09:10:54,466 [Worker-11] INFO  o.e.m.c.i.embedder.EclipseLogger - Using 'UTF-8' encoding to copy filtered resources.
2023-12-04 09:10:54,466 [Worker-11] INFO  o.e.m.c.i.embedder.EclipseLogger - skip non existing resourceDirectory D:\Project\외교부\spring-boot-soap\spring-boot-soap\src\test\resources
